[2021-08-16 17:28:04.572] [exthost] [info] extension host started
[2021-08-16 17:28:04.893] [exthost] [info] ExtensionService#_doActivateExtension vscode.microsoft-authentication {"startup":false,"extensionId":{"value":"vscode.microsoft-authentication","_lower":"vscode.microsoft-authentication"},"activationEvent":"onAuthenticationRequest:microsoft"}
[2021-08-16 17:28:04.894] [exthost] [info] ExtensionService#loadCommonJSModule file:///usr/share/code/resources/app/extensions/microsoft-authentication/dist/extension.js
[2021-08-16 17:28:05.037] [exthost] [info] ExtensionService#_doActivateExtension vscode.debug-auto-launch {"startup":true,"extensionId":{"value":"vscode.debug-auto-launch","_lower":"vscode.debug-auto-launch"},"activationEvent":"*"}
[2021-08-16 17:28:05.037] [exthost] [info] ExtensionService#loadCommonJSModule file:///usr/share/code/resources/app/extensions/debug-auto-launch/dist/extension
[2021-08-16 17:28:05.199] [exthost] [info] ExtensionService#_doActivateExtension vscode.git {"startup":true,"extensionId":{"value":"vscode.github","_lower":"vscode.github"},"activationEvent":"*"}
[2021-08-16 17:28:05.199] [exthost] [info] ExtensionService#loadCommonJSModule file:///usr/share/code/resources/app/extensions/git/dist/main
[2021-08-16 17:28:05.513] [exthost] [info] ExtensionService#_doActivateExtension ms-vscode.js-debug {"startup":false,"extensionId":{"value":"ms-vscode.js-debug","_lower":"ms-vscode.js-debug"},"activationEvent":"onCommand:extension.js-debug.clearAutoAttachVariables"}
[2021-08-16 17:28:05.513] [exthost] [info] ExtensionService#loadCommonJSModule file:///usr/share/code/resources/app/extensions/ms-vscode.js-debug/src/extension.js
[2021-08-16 17:28:06.251] [exthost] [info] ExtensionService#_doActivateExtension vscode.github-authentication {"startup":false,"extensionId":{"value":"vscode.github-authentication","_lower":"vscode.github-authentication"},"activationEvent":"onAuthenticationRequest:github"}
[2021-08-16 17:28:06.251] [exthost] [info] ExtensionService#loadCommonJSModule file:///usr/share/code/resources/app/extensions/github-authentication/dist/extension.js
[2021-08-16 17:28:06.629] [exthost] [info] ExtensionService#_doActivateExtension vscode.github {"startup":true,"extensionId":{"value":"vscode.github","_lower":"vscode.github"},"activationEvent":"*"}
[2021-08-16 17:28:06.629] [exthost] [info] ExtensionService#loadCommonJSModule file:///usr/share/code/resources/app/extensions/github/dist/extension.js
[2021-08-16 17:28:06.765] [exthost] [info] eager extensions activated
[2021-08-16 17:28:06.772] [exthost] [info] ExtensionService#_doActivateExtension vscode.emmet {"startup":false,"extensionId":{"value":"vscode.emmet","_lower":"vscode.emmet"},"activationEvent":"onStartupFinished"}
[2021-08-16 17:28:06.772] [exthost] [info] ExtensionService#loadCommonJSModule file:///usr/share/code/resources/app/extensions/emmet/dist/node/emmetNodeMain
[2021-08-16 17:28:06.877] [exthost] [info] ExtensionService#_doActivateExtension vscode.merge-conflict {"startup":false,"extensionId":{"value":"vscode.merge-conflict","_lower":"vscode.merge-conflict"},"activationEvent":"onStartupFinished"}
[2021-08-16 17:28:06.877] [exthost] [info] ExtensionService#loadCommonJSModule file:///usr/share/code/resources/app/extensions/merge-conflict/dist/mergeConflictMain
[2021-08-16 17:28:06.936] [exthost] [info] ExtensionService#_doActivateExtension vscode.testing-editor-contributions {"startup":false,"extensionId":{"value":"vscode.testing-editor-contributions","_lower":"vscode.testing-editor-contributions"},"activationEvent":"onStartupFinished"}
[2021-08-16 17:28:06.936] [exthost] [info] ExtensionService#loadCommonJSModule file:///usr/share/code/resources/app/extensions/testing-editor-contributions/dist/extension.js
[2021-08-16 17:28:10.006] [exthost] [info] ExtensionService#_doActivateExtension vscode.configuration-editing {"startup":false,"extensionId":{"value":"vscode.configuration-editing","_lower":"vscode.configuration-editing"},"activationEvent":"onLanguage:jsonc"}
[2021-08-16 17:28:10.006] [exthost] [info] ExtensionService#loadCommonJSModule file:///usr/share/code/resources/app/extensions/configuration-editing/dist/configurationEditingMain
[2021-08-16 17:28:10.117] [exthost] [info] ExtensionService#_doActivateExtension vscode.json-language-features {"startup":false,"extensionId":{"value":"vscode.json-language-features","_lower":"vscode.json-language-features"},"activationEvent":"onLanguage:jsonc"}
[2021-08-16 17:28:10.117] [exthost] [info] ExtensionService#loadCommonJSModule file:///usr/share/code/resources/app/extensions/json-language-features/client/dist/node/jsonClientMain
[2021-08-16 17:28:10.260] [exthost] [info] ExtensionService#_doActivateExtension vscode.typescript-language-features {"startup":false,"extensionId":{"value":"vscode.typescript-language-features","_lower":"vscode.typescript-language-features"},"activationEvent":"onLanguage:jsonc"}
[2021-08-16 17:28:10.260] [exthost] [info] ExtensionService#loadCommonJSModule file:///usr/share/code/resources/app/extensions/typescript-language-features/dist/extension
[2021-08-16 17:28:44.348] [exthost] [info] extension host terminating: renderer closed the socket
[2021-08-16 17:28:45.360] [exthost] [info] exiting with code 0
[2021-08-16 17:28:47.005] [exthost] [info] extension host started
[2021-08-16 17:28:47.110] [exthost] [info] ExtensionService#_doActivateExtension vscode.microsoft-authentication {"startup":false,"extensionId":{"value":"vscode.microsoft-authentication","_lower":"vscode.microsoft-authentication"},"activationEvent":"onAuthenticationRequest:microsoft"}
[2021-08-16 17:28:47.110] [exthost] [info] ExtensionService#loadCommonJSModule file:///usr/share/code/resources/app/extensions/microsoft-authentication/dist/extension.js
[2021-08-16 17:28:47.137] [exthost] [info] ExtensionService#_doActivateExtension vscode.debug-auto-launch {"startup":true,"extensionId":{"value":"vscode.debug-auto-launch","_lower":"vscode.debug-auto-launch"},"activationEvent":"*"}
[2021-08-16 17:28:47.137] [exthost] [info] ExtensionService#loadCommonJSModule file:///usr/share/code/resources/app/extensions/debug-auto-launch/dist/extension
[2021-08-16 17:28:47.143] [exthost] [info] ExtensionService#_doActivateExtension vscode.git {"startup":true,"extensionId":{"value":"vscode.github","_lower":"vscode.github"},"activationEvent":"*"}
[2021-08-16 17:28:47.143] [exthost] [info] ExtensionService#loadCommonJSModule file:///usr/share/code/resources/app/extensions/git/dist/main
[2021-08-16 17:28:47.224] [exthost] [info] ExtensionService#_doActivateExtension vscode.npm {"startup":true,"extensionId":{"value":"vscode.npm","_lower":"vscode.npm"},"activationEvent":"workspaceContains:package.json"}
[2021-08-16 17:28:47.225] [exthost] [info] ExtensionService#loadCommonJSModule file:///usr/share/code/resources/app/extensions/npm/dist/npmMain
[2021-08-16 17:28:47.657] [exthost] [info] ExtensionService#_doActivateExtension vscode.github {"startup":true,"extensionId":{"value":"vscode.github","_lower":"vscode.github"},"activationEvent":"*"}
[2021-08-16 17:28:47.658] [exthost] [info] ExtensionService#loadCommonJSModule file:///usr/share/code/resources/app/extensions/github/dist/extension.js
[2021-08-16 17:28:47.700] [exthost] [info] ExtensionService#_doActivateExtension ms-vscode.js-debug {"startup":false,"extensionId":{"value":"ms-vscode.js-debug","_lower":"ms-vscode.js-debug"},"activationEvent":"onCommand:extension.js-debug.clearAutoAttachVariables"}
[2021-08-16 17:28:47.700] [exthost] [info] ExtensionService#loadCommonJSModule file:///usr/share/code/resources/app/extensions/ms-vscode.js-debug/src/extension.js
[2021-08-16 17:28:47.915] [exthost] [info] ExtensionService#_doActivateExtension vscode.github-authentication {"startup":false,"extensionId":{"value":"vscode.github-authentication","_lower":"vscode.github-authentication"},"activationEvent":"onAuthenticationRequest:github"}
[2021-08-16 17:28:47.915] [exthost] [info] ExtensionService#loadCommonJSModule file:///usr/share/code/resources/app/extensions/github-authentication/dist/extension.js
[2021-08-16 17:28:48.976] [exthost] [info] eager extensions activated
[2021-08-16 17:28:48.998] [exthost] [info] ExtensionService#_doActivateExtension vscode.emmet {"startup":false,"extensionId":{"value":"vscode.emmet","_lower":"vscode.emmet"},"activationEvent":"onStartupFinished"}
[2021-08-16 17:28:48.998] [exthost] [info] ExtensionService#loadCommonJSModule file:///usr/share/code/resources/app/extensions/emmet/dist/node/emmetNodeMain
[2021-08-16 17:28:49.005] [exthost] [info] ExtensionService#_doActivateExtension vscode.merge-conflict {"startup":false,"extensionId":{"value":"vscode.merge-conflict","_lower":"vscode.merge-conflict"},"activationEvent":"onStartupFinished"}
[2021-08-16 17:28:49.005] [exthost] [info] ExtensionService#loadCommonJSModule file:///usr/share/code/resources/app/extensions/merge-conflict/dist/mergeConflictMain
[2021-08-16 17:28:49.008] [exthost] [info] ExtensionService#_doActivateExtension vscode.testing-editor-contributions {"startup":false,"extensionId":{"value":"vscode.testing-editor-contributions","_lower":"vscode.testing-editor-contributions"},"activationEvent":"onStartupFinished"}
[2021-08-16 17:28:49.008] [exthost] [info] ExtensionService#loadCommonJSModule file:///usr/share/code/resources/app/extensions/testing-editor-contributions/dist/extension.js
[2021-08-16 17:28:50.433] [exthost] [warning] [Decorations] CAPPING events from decorations provider vscode.git 304
[2021-08-16 17:28:51.883] [exthost] [warning] [Decorations] CAPPING events from decorations provider vscode.git 304
[2021-08-16 17:28:56.982] [exthost] [warning] [Decorations] CAPPING events from decorations provider vscode.git 316
[2021-08-16 17:29:00.528] [exthost] [info] ExtensionService#_doActivateExtension vscode.php-language-features {"startup":false,"extensionId":{"value":"vscode.php-language-features","_lower":"vscode.php-language-features"},"activationEvent":"onLanguage:php"}
[2021-08-16 17:29:00.529] [exthost] [info] ExtensionService#loadCommonJSModule file:///usr/share/code/resources/app/extensions/php-language-features/dist/phpMain
[2021-08-16 17:29:02.844] [exthost] [warning] [Decorations] CAPPING events from decorations provider vscode.git 345
[2021-08-16 17:29:07.928] [exthost] [warning] [Decorations] CAPPING events from decorations provider vscode.git 345
[2021-08-16 17:29:13.018] [exthost] [warning] [Decorations] CAPPING events from decorations provider vscode.git 346
[2021-08-16 17:29:18.094] [exthost] [warning] [Decorations] CAPPING events from decorations provider vscode.git 346
[2021-08-16 17:29:23.167] [exthost] [warning] [Decorations] CAPPING events from decorations provider vscode.git 346
[2021-08-16 17:29:28.260] [exthost] [warning] [Decorations] CAPPING events from decorations provider vscode.git 346
[2021-08-16 17:29:33.351] [exthost] [warning] [Decorations] CAPPING events from decorations provider vscode.git 346
[2021-08-16 17:29:38.425] [exthost] [warning] [Decorations] CAPPING events from decorations provider vscode.git 346
[2021-08-16 17:29:43.508] [exthost] [warning] [Decorations] CAPPING events from decorations provider vscode.git 346
[2021-08-16 17:29:48.604] [exthost] [warning] [Decorations] CAPPING events from decorations provider vscode.git 346
[2021-08-16 17:29:53.683] [exthost] [warning] [Decorations] CAPPING events from decorations provider vscode.git 346
[2021-08-16 17:29:58.768] [exthost] [warning] [Decorations] CAPPING events from decorations provider vscode.git 346
[2021-08-16 17:30:03.855] [exthost] [warning] [Decorations] CAPPING events from decorations provider vscode.git 346
[2021-08-16 17:30:08.943] [exthost] [warning] [Decorations] CAPPING events from decorations provider vscode.git 346
[2021-08-16 17:30:14.033] [exthost] [warning] [Decorations] CAPPING events from decorations provider vscode.git 346
[2021-08-16 17:30:19.118] [exthost] [warning] [Decorations] CAPPING events from decorations provider vscode.git 346
[2021-08-16 17:30:24.201] [exthost] [warning] [Decorations] CAPPING events from decorations provider vscode.git 346
[2021-08-16 17:30:29.312] [exthost] [warning] [Decorations] CAPPING events from decorations provider vscode.git 346
[2021-08-16 17:30:34.397] [exthost] [warning] [Decorations] CAPPING events from decorations provider vscode.git 346
[2021-08-16 17:30:39.480] [exthost] [warning] [Decorations] CAPPING events from decorations provider vscode.git 346
[2021-08-16 17:30:44.560] [exthost] [warning] [Decorations] CAPPING events from decorations provider vscode.git 346
[2021-08-16 17:30:49.641] [exthost] [warning] [Decorations] CAPPING events from decorations provider vscode.git 346
[2021-08-16 17:30:54.719] [exthost] [warning] [Decorations] CAPPING events from decorations provider vscode.git 346
[2021-08-16 17:30:59.803] [exthost] [warning] [Decorations] CAPPING events from decorations provider vscode.git 346
[2021-08-16 17:31:04.887] [exthost] [warning] [Decorations] CAPPING events from decorations provider vscode.git 346
[2021-08-16 17:31:09.987] [exthost] [warning] [Decorations] CAPPING events from decorations provider vscode.git 346
[2021-08-16 17:31:15.082] [exthost] [warning] [Decorations] CAPPING events from decorations provider vscode.git 346
[2021-08-16 17:31:20.164] [exthost] [warning] [Decorations] CAPPING events from decorations provider vscode.git 346
[2021-08-16 17:31:25.239] [exthost] [warning] [Decorations] CAPPING events from decorations provider vscode.git 346
[2021-08-16 17:31:30.332] [exthost] [warning] [Decorations] CAPPING events from decorations provider vscode.git 346
[2021-08-16 17:31:35.408] [exthost] [warning] [Decorations] CAPPING events from decorations provider vscode.git 346
[2021-08-16 17:31:40.486] [exthost] [warning] [Decorations] CAPPING events from decorations provider vscode.git 346
[2021-08-16 17:31:45.575] [exthost] [warning] [Decorations] CAPPING events from decorations provider vscode.git 346
[2021-08-16 17:31:50.656] [exthost] [warning] [Decorations] CAPPING events from decorations provider vscode.git 346
[2021-08-16 17:31:55.739] [exthost] [warning] [Decorations] CAPPING events from decorations provider vscode.git 346
[2021-08-16 17:32:00.818] [exthost] [warning] [Decorations] CAPPING events from decorations provider vscode.git 346
[2021-08-16 17:32:05.900] [exthost] [warning] [Decorations] CAPPING events from decorations provider vscode.git 346
[2021-08-16 17:32:10.983] [exthost] [warning] [Decorations] CAPPING events from decorations provider vscode.git 346
[2021-08-16 17:32:16.070] [exthost] [warning] [Decorations] CAPPING events from decorations provider vscode.git 346
[2021-08-16 17:32:21.156] [exthost] [warning] [Decorations] CAPPING events from decorations provider vscode.git 346
[2021-08-16 17:32:26.232] [exthost] [warning] [Decorations] CAPPING events from decorations provider vscode.git 346
[2021-08-16 17:32:31.309] [exthost] [warning] [Decorations] CAPPING events from decorations provider vscode.git 346
[2021-08-16 17:32:36.393] [exthost] [warning] [Decorations] CAPPING events from decorations provider vscode.git 346
[2021-08-16 17:32:41.475] [exthost] [warning] [Decorations] CAPPING events from decorations provider vscode.git 346
[2021-08-16 17:32:46.564] [exthost] [warning] [Decorations] CAPPING events from decorations provider vscode.git 346
[2021-08-16 17:32:51.659] [exthost] [warning] [Decorations] CAPPING events from decorations provider vscode.git 346
[2021-08-16 17:32:56.735] [exthost] [warning] [Decorations] CAPPING events from decorations provider vscode.git 346
[2021-08-16 17:33:01.826] [exthost] [warning] [Decorations] CAPPING events from decorations provider vscode.git 346
[2021-08-16 17:33:06.915] [exthost] [warning] [Decorations] CAPPING events from decorations provider vscode.git 346
[2021-08-16 17:33:11.999] [exthost] [warning] [Decorations] CAPPING events from decorations provider vscode.git 346
[2021-08-16 17:33:17.112] [exthost] [warning] [Decorations] CAPPING events from decorations provider vscode.git 346
[2021-08-16 17:33:22.200] [exthost] [warning] [Decorations] CAPPING events from decorations provider vscode.git 346
[2021-08-16 17:33:27.287] [exthost] [warning] [Decorations] CAPPING events from decorations provider vscode.git 346
[2021-08-16 17:33:32.372] [exthost] [warning] [Decorations] CAPPING events from decorations provider vscode.git 346
[2021-08-16 17:33:37.456] [exthost] [warning] [Decorations] CAPPING events from decorations provider vscode.git 346
[2021-08-16 17:33:42.537] [exthost] [warning] [Decorations] CAPPING events from decorations provider vscode.git 346
[2021-08-16 17:33:47.628] [exthost] [warning] [Decorations] CAPPING events from decorations provider vscode.git 346
[2021-08-16 17:33:52.731] [exthost] [warning] [Decorations] CAPPING events from decorations provider vscode.git 346
[2021-08-16 17:33:57.808] [exthost] [warning] [Decorations] CAPPING events from decorations provider vscode.git 346
[2021-08-16 17:34:02.895] [exthost] [warning] [Decorations] CAPPING events from decorations provider vscode.git 346
[2021-08-16 17:34:07.985] [exthost] [warning] [Decorations] CAPPING events from decorations provider vscode.git 346
[2021-08-16 17:34:13.069] [exthost] [warning] [Decorations] CAPPING events from decorations provider vscode.git 346
[2021-08-16 17:34:18.157] [exthost] [warning] [Decorations] CAPPING events from decorations provider vscode.git 346
[2021-08-16 17:34:23.239] [exthost] [warning] [Decorations] CAPPING events from decorations provider vscode.git 346
[2021-08-16 17:34:28.326] [exthost] [warning] [Decorations] CAPPING events from decorations provider vscode.git 346
[2021-08-16 17:34:33.411] [exthost] [warning] [Decorations] CAPPING events from decorations provider vscode.git 346
[2021-08-16 17:34:38.502] [exthost] [warning] [Decorations] CAPPING events from decorations provider vscode.git 346
[2021-08-16 17:34:43.589] [exthost] [warning] [Decorations] CAPPING events from decorations provider vscode.git 346
[2021-08-16 17:34:48.672] [exthost] [warning] [Decorations] CAPPING events from decorations provider vscode.git 346
[2021-08-16 17:34:53.748] [exthost] [warning] [Decorations] CAPPING events from decorations provider vscode.git 346
[2021-08-16 17:34:58.833] [exthost] [warning] [Decorations] CAPPING events from decorations provider vscode.git 346
[2021-08-16 17:35:03.914] [exthost] [warning] [Decorations] CAPPING events from decorations provider vscode.git 346
[2021-08-16 17:35:08.989] [exthost] [warning] [Decorations] CAPPING events from decorations provider vscode.git 346
[2021-08-16 17:35:14.070] [exthost] [warning] [Decorations] CAPPING events from decorations provider vscode.git 346
[2021-08-16 17:35:19.153] [exthost] [warning] [Decorations] CAPPING events from decorations provider vscode.git 346
[2021-08-16 17:35:24.234] [exthost] [warning] [Decorations] CAPPING events from decorations provider vscode.git 346
[2021-08-16 17:35:29.310] [exthost] [warning] [Decorations] CAPPING events from decorations provider vscode.git 346
[2021-08-16 17:35:34.395] [exthost] [warning] [Decorations] CAPPING events from decorations provider vscode.git 346
[2021-08-16 17:35:39.501] [exthost] [warning] [Decorations] CAPPING events from decorations provider vscode.git 346
[2021-08-16 17:35:44.578] [exthost] [warning] [Decorations] CAPPING events from decorations provider vscode.git 346
[2021-08-16 17:35:49.669] [exthost] [warning] [Decorations] CAPPING events from decorations provider vscode.git 346
[2021-08-16 17:35:54.759] [exthost] [warning] [Decorations] CAPPING events from decorations provider vscode.git 346
[2021-08-16 17:35:59.849] [exthost] [warning] [Decorations] CAPPING events from decorations provider vscode.git 346
[2021-08-16 17:36:04.940] [exthost] [warning] [Decorations] CAPPING events from decorations provider vscode.git 346
[2021-08-16 17:36:10.017] [exthost] [warning] [Decorations] CAPPING events from decorations provider vscode.git 346
[2021-08-16 17:36:15.106] [exthost] [warning] [Decorations] CAPPING events from decorations provider vscode.git 346
[2021-08-16 17:36:20.184] [exthost] [warning] [Decorations] CAPPING events from decorations provider vscode.git 346
[2021-08-16 17:36:25.262] [exthost] [warning] [Decorations] CAPPING events from decorations provider vscode.git 346
[2021-08-16 17:36:30.349] [exthost] [warning] [Decorations] CAPPING events from decorations provider vscode.git 346
[2021-08-16 17:36:35.427] [exthost] [warning] [Decorations] CAPPING events from decorations provider vscode.git 346
[2021-08-16 17:36:40.506] [exthost] [warning] [Decorations] CAPPING events from decorations provider vscode.git 346
[2021-08-16 17:36:45.600] [exthost] [warning] [Decorations] CAPPING events from decorations provider vscode.git 346
[2021-08-16 17:36:50.702] [exthost] [warning] [Decorations] CAPPING events from decorations provider vscode.git 346
[2021-08-16 17:36:55.781] [exthost] [warning] [Decorations] CAPPING events from decorations provider vscode.git 346
[2021-08-16 17:37:00.867] [exthost] [warning] [Decorations] CAPPING events from decorations provider vscode.git 346
[2021-08-16 17:37:05.965] [exthost] [warning] [Decorations] CAPPING events from decorations provider vscode.git 346
[2021-08-16 17:37:11.047] [exthost] [warning] [Decorations] CAPPING events from decorations provider vscode.git 346
[2021-08-16 17:37:16.125] [exthost] [warning] [Decorations] CAPPING events from decorations provider vscode.git 346
[2021-08-16 17:37:21.200] [exthost] [warning] [Decorations] CAPPING events from decorations provider vscode.git 346
[2021-08-16 17:37:26.290] [exthost] [warning] [Decorations] CAPPING events from decorations provider vscode.git 346
[2021-08-16 17:37:31.371] [exthost] [warning] [Decorations] CAPPING events from decorations provider vscode.git 346
[2021-08-16 17:37:36.464] [exthost] [warning] [Decorations] CAPPING events from decorations provider vscode.git 346
[2021-08-16 17:37:41.551] [exthost] [warning] [Decorations] CAPPING events from decorations provider vscode.git 346
[2021-08-16 17:37:46.642] [exthost] [warning] [Decorations] CAPPING events from decorations provider vscode.git 346
[2021-08-16 17:37:51.722] [exthost] [warning] [Decorations] CAPPING events from decorations provider vscode.git 346
[2021-08-16 17:37:56.806] [exthost] [warning] [Decorations] CAPPING events from decorations provider vscode.git 346
[2021-08-16 17:38:01.887] [exthost] [warning] [Decorations] CAPPING events from decorations provider vscode.git 346
[2021-08-16 17:38:06.978] [exthost] [warning] [Decorations] CAPPING events from decorations provider vscode.git 346
[2021-08-16 17:38:12.063] [exthost] [warning] [Decorations] CAPPING events from decorations provider vscode.git 346
[2021-08-16 17:38:17.144] [exthost] [warning] [Decorations] CAPPING events from decorations provider vscode.git 346
[2021-08-16 17:38:22.225] [exthost] [warning] [Decorations] CAPPING events from decorations provider vscode.git 346
[2021-08-16 17:38:27.309] [exthost] [warning] [Decorations] CAPPING events from decorations provider vscode.git 346
[2021-08-16 17:38:32.394] [exthost] [warning] [Decorations] CAPPING events from decorations provider vscode.git 346
[2021-08-16 17:38:37.469] [exthost] [warning] [Decorations] CAPPING events from decorations provider vscode.git 346
[2021-08-16 17:38:42.550] [exthost] [warning] [Decorations] CAPPING events from decorations provider vscode.git 346
[2021-08-16 17:38:47.632] [exthost] [warning] [Decorations] CAPPING events from decorations provider vscode.git 346
[2021-08-16 17:38:52.715] [exthost] [warning] [Decorations] CAPPING events from decorations provider vscode.git 346
[2021-08-16 17:38:57.801] [exthost] [warning] [Decorations] CAPPING events from decorations provider vscode.git 346
[2021-08-16 17:39:02.871] [exthost] [warning] [Decorations] CAPPING events from decorations provider vscode.git 346
[2021-08-16 17:39:07.961] [exthost] [warning] [Decorations] CAPPING events from decorations provider vscode.git 346
[2021-08-16 17:39:13.051] [exthost] [warning] [Decorations] CAPPING events from decorations provider vscode.git 346
[2021-08-16 17:39:18.143] [exthost] [warning] [Decorations] CAPPING events from decorations provider vscode.git 346
[2021-08-16 17:39:23.229] [exthost] [warning] [Decorations] CAPPING events from decorations provider vscode.git 346
[2021-08-16 17:39:28.311] [exthost] [warning] [Decorations] CAPPING events from decorations provider vscode.git 346
[2021-08-16 17:39:33.386] [exthost] [warning] [Decorations] CAPPING events from decorations provider vscode.git 346
[2021-08-16 17:39:38.465] [exthost] [warning] [Decorations] CAPPING events from decorations provider vscode.git 346
[2021-08-16 17:39:43.552] [exthost] [warning] [Decorations] CAPPING events from decorations provider vscode.git 346
[2021-08-16 17:39:48.630] [exthost] [warning] [Decorations] CAPPING events from decorations provider vscode.git 346
[2021-08-16 17:39:53.705] [exthost] [warning] [Decorations] CAPPING events from decorations provider vscode.git 346
[2021-08-16 17:39:58.792] [exthost] [warning] [Decorations] CAPPING events from decorations provider vscode.git 346
[2021-08-16 17:40:03.877] [exthost] [warning] [Decorations] CAPPING events from decorations provider vscode.git 346
[2021-08-16 17:40:08.959] [exthost] [warning] [Decorations] CAPPING events from decorations provider vscode.git 346
[2021-08-16 17:40:14.038] [exthost] [warning] [Decorations] CAPPING events from decorations provider vscode.git 346
[2021-08-16 17:40:19.113] [exthost] [warning] [Decorations] CAPPING events from decorations provider vscode.git 346
[2021-08-16 17:40:24.194] [exthost] [warning] [Decorations] CAPPING events from decorations provider vscode.git 346
[2021-08-16 17:40:29.277] [exthost] [warning] [Decorations] CAPPING events from decorations provider vscode.git 346
[2021-08-16 17:40:34.360] [exthost] [warning] [Decorations] CAPPING events from decorations provider vscode.git 346
[2021-08-16 17:40:39.439] [exthost] [warning] [Decorations] CAPPING events from decorations provider vscode.git 346
[2021-08-16 17:40:44.518] [exthost] [warning] [Decorations] CAPPING events from decorations provider vscode.git 346
[2021-08-16 17:40:49.609] [exthost] [warning] [Decorations] CAPPING events from decorations provider vscode.git 346
[2021-08-16 17:40:54.688] [exthost] [warning] [Decorations] CAPPING events from decorations provider vscode.git 346
[2021-08-16 17:40:59.772] [exthost] [warning] [Decorations] CAPPING events from decorations provider vscode.git 346
[2021-08-16 17:41:04.860] [exthost] [warning] [Decorations] CAPPING events from decorations provider vscode.git 346
[2021-08-16 17:41:09.945] [exthost] [warning] [Decorations] CAPPING events from decorations provider vscode.git 346
[2021-08-16 17:41:15.023] [exthost] [warning] [Decorations] CAPPING events from decorations provider vscode.git 346
[2021-08-16 17:41:20.101] [exthost] [warning] [Decorations] CAPPING events from decorations provider vscode.git 346
[2021-08-16 17:41:25.186] [exthost] [warning] [Decorations] CAPPING events from decorations provider vscode.git 346
[2021-08-16 17:41:30.302] [exthost] [warning] [Decorations] CAPPING events from decorations provider vscode.git 346
[2021-08-16 17:41:35.389] [exthost] [warning] [Decorations] CAPPING events from decorations provider vscode.git 346
[2021-08-16 17:41:40.467] [exthost] [warning] [Decorations] CAPPING events from decorations provider vscode.git 346
[2021-08-16 17:41:45.548] [exthost] [warning] [Decorations] CAPPING events from decorations provider vscode.git 346
[2021-08-16 17:41:50.635] [exthost] [warning] [Decorations] CAPPING events from decorations provider vscode.git 346
[2021-08-16 17:41:55.721] [exthost] [warning] [Decorations] CAPPING events from decorations provider vscode.git 346
[2021-08-16 17:42:00.804] [exthost] [warning] [Decorations] CAPPING events from decorations provider vscode.git 346
[2021-08-16 17:42:05.893] [exthost] [warning] [Decorations] CAPPING events from decorations provider vscode.git 346
[2021-08-16 17:42:10.986] [exthost] [warning] [Decorations] CAPPING events from decorations provider vscode.git 346
[2021-08-16 17:42:16.068] [exthost] [warning] [Decorations] CAPPING events from decorations provider vscode.git 346
[2021-08-16 17:42:21.151] [exthost] [warning] [Decorations] CAPPING events from decorations provider vscode.git 346
[2021-08-16 17:42:26.227] [exthost] [warning] [Decorations] CAPPING events from decorations provider vscode.git 346
[2021-08-16 17:42:31.302] [exthost] [warning] [Decorations] CAPPING events from decorations provider vscode.git 346
[2021-08-16 17:42:36.380] [exthost] [warning] [Decorations] CAPPING events from decorations provider vscode.git 346
[2021-08-16 17:42:41.461] [exthost] [warning] [Decorations] CAPPING events from decorations provider vscode.git 346
[2021-08-16 17:42:46.537] [exthost] [warning] [Decorations] CAPPING events from decorations provider vscode.git 346
[2021-08-16 17:42:51.620] [exthost] [warning] [Decorations] CAPPING events from decorations provider vscode.git 346
[2021-08-16 17:42:56.701] [exthost] [warning] [Decorations] CAPPING events from decorations provider vscode.git 346
[2021-08-16 17:43:01.793] [exthost] [warning] [Decorations] CAPPING events from decorations provider vscode.git 346
[2021-08-16 17:43:06.876] [exthost] [warning] [Decorations] CAPPING events from decorations provider vscode.git 346
[2021-08-16 17:43:11.960] [exthost] [warning] [Decorations] CAPPING events from decorations provider vscode.git 346
[2021-08-16 17:43:17.047] [exthost] [warning] [Decorations] CAPPING events from decorations provider vscode.git 346
[2021-08-16 17:43:22.133] [exthost] [warning] [Decorations] CAPPING events from decorations provider vscode.git 346
[2021-08-16 17:43:27.225] [exthost] [warning] [Decorations] CAPPING events from decorations provider vscode.git 346
[2021-08-16 17:43:32.311] [exthost] [warning] [Decorations] CAPPING events from decorations provider vscode.git 346
[2021-08-16 17:43:37.404] [exthost] [warning] [Decorations] CAPPING events from decorations provider vscode.git 346
[2021-08-16 17:43:42.490] [exthost] [warning] [Decorations] CAPPING events from decorations provider vscode.git 346
[2021-08-16 17:43:47.577] [exthost] [warning] [Decorations] CAPPING events from decorations provider vscode.git 346
[2021-08-16 17:43:52.653] [exthost] [warning] [Decorations] CAPPING events from decorations provider vscode.git 346
[2021-08-16 17:43:57.737] [exthost] [warning] [Decorations] CAPPING events from decorations provider vscode.git 346
[2021-08-16 17:44:02.818] [exthost] [warning] [Decorations] CAPPING events from decorations provider vscode.git 346
[2021-08-16 17:44:07.907] [exthost] [warning] [Decorations] CAPPING events from decorations provider vscode.git 346
[2021-08-16 17:44:12.988] [exthost] [warning] [Decorations] CAPPING events from decorations provider vscode.git 346
[2021-08-16 17:44:18.073] [exthost] [warning] [Decorations] CAPPING events from decorations provider vscode.git 346
[2021-08-16 17:44:23.154] [exthost] [warning] [Decorations] CAPPING events from decorations provider vscode.git 346
[2021-08-16 17:44:28.244] [exthost] [warning] [Decorations] CAPPING events from decorations provider vscode.git 346
[2021-08-16 17:44:33.336] [exthost] [warning] [Decorations] CAPPING events from decorations provider vscode.git 346
[2021-08-16 17:44:38.419] [exthost] [warning] [Decorations] CAPPING events from decorations provider vscode.git 346
[2021-08-16 17:44:43.508] [exthost] [warning] [Decorations] CAPPING events from decorations provider vscode.git 346
[2021-08-16 17:44:48.599] [exthost] [warning] [Decorations] CAPPING events from decorations provider vscode.git 346
[2021-08-16 17:44:53.682] [exthost] [warning] [Decorations] CAPPING events from decorations provider vscode.git 346
[2021-08-16 17:44:58.768] [exthost] [warning] [Decorations] CAPPING events from decorations provider vscode.git 346
[2021-08-16 17:45:03.867] [exthost] [warning] [Decorations] CAPPING events from decorations provider vscode.git 346
[2021-08-16 17:45:08.957] [exthost] [warning] [Decorations] CAPPING events from decorations provider vscode.git 346
[2021-08-16 17:45:14.041] [exthost] [warning] [Decorations] CAPPING events from decorations provider vscode.git 346
[2021-08-16 17:45:19.130] [exthost] [warning] [Decorations] CAPPING events from decorations provider vscode.git 346
[2021-08-16 17:45:24.212] [exthost] [warning] [Decorations] CAPPING events from decorations provider vscode.git 346
[2021-08-16 17:45:29.300] [exthost] [warning] [Decorations] CAPPING events from decorations provider vscode.git 346
[2021-08-16 17:45:34.390] [exthost] [warning] [Decorations] CAPPING events from decorations provider vscode.git 346
[2021-08-16 17:45:39.471] [exthost] [warning] [Decorations] CAPPING events from decorations provider vscode.git 346
[2021-08-16 17:45:44.550] [exthost] [warning] [Decorations] CAPPING events from decorations provider vscode.git 346
[2021-08-16 17:45:49.633] [exthost] [warning] [Decorations] CAPPING events from decorations provider vscode.git 346
[2021-08-16 17:45:54.713] [exthost] [warning] [Decorations] CAPPING events from decorations provider vscode.git 346
[2021-08-16 17:45:59.788] [exthost] [warning] [Decorations] CAPPING events from decorations provider vscode.git 346
[2021-08-16 17:46:04.884] [exthost] [warning] [Decorations] CAPPING events from decorations provider vscode.git 346
[2021-08-16 17:46:09.968] [exthost] [warning] [Decorations] CAPPING events from decorations provider vscode.git 346
[2021-08-16 17:46:15.050] [exthost] [warning] [Decorations] CAPPING events from decorations provider vscode.git 346
[2021-08-16 17:46:20.122] [exthost] [warning] [Decorations] CAPPING events from decorations provider vscode.git 346
[2021-08-16 17:46:25.205] [exthost] [warning] [Decorations] CAPPING events from decorations provider vscode.git 346
[2021-08-16 17:46:30.297] [exthost] [warning] [Decorations] CAPPING events from decorations provider vscode.git 346
[2021-08-16 17:46:35.379] [exthost] [warning] [Decorations] CAPPING events from decorations provider vscode.git 346
[2021-08-16 17:46:40.454] [exthost] [warning] [Decorations] CAPPING events from decorations provider vscode.git 346
[2021-08-16 17:46:45.534] [exthost] [warning] [Decorations] CAPPING events from decorations provider vscode.git 346
[2021-08-16 17:46:50.612] [exthost] [warning] [Decorations] CAPPING events from decorations provider vscode.git 346
[2021-08-16 17:46:55.706] [exthost] [warning] [Decorations] CAPPING events from decorations provider vscode.git 346
[2021-08-16 17:47:00.791] [exthost] [warning] [Decorations] CAPPING events from decorations provider vscode.git 346
[2021-08-16 17:47:05.874] [exthost] [warning] [Decorations] CAPPING events from decorations provider vscode.git 346
[2021-08-16 17:47:10.956] [exthost] [warning] [Decorations] CAPPING events from decorations provider vscode.git 346
[2021-08-16 17:47:16.047] [exthost] [warning] [Decorations] CAPPING events from decorations provider vscode.git 346
[2021-08-16 17:47:21.127] [exthost] [warning] [Decorations] CAPPING events from decorations provider vscode.git 346
[2021-08-16 17:47:26.208] [exthost] [warning] [Decorations] CAPPING events from decorations provider vscode.git 346
[2021-08-16 17:47:31.292] [exthost] [warning] [Decorations] CAPPING events from decorations provider vscode.git 346
[2021-08-16 17:47:36.375] [exthost] [warning] [Decorations] CAPPING events from decorations provider vscode.git 346
[2021-08-16 17:47:41.458] [exthost] [warning] [Decorations] CAPPING events from decorations provider vscode.git 346
[2021-08-16 17:47:46.545] [exthost] [warning] [Decorations] CAPPING events from decorations provider vscode.git 346
[2021-08-16 17:47:51.632] [exthost] [warning] [Decorations] CAPPING events from decorations provider vscode.git 346
[2021-08-16 17:47:56.711] [exthost] [warning] [Decorations] CAPPING events from decorations provider vscode.git 346
[2021-08-16 17:48:01.799] [exthost] [warning] [Decorations] CAPPING events from decorations provider vscode.git 346
[2021-08-16 17:48:06.887] [exthost] [warning] [Decorations] CAPPING events from decorations provider vscode.git 346
[2021-08-16 17:48:11.982] [exthost] [warning] [Decorations] CAPPING events from decorations provider vscode.git 346
[2021-08-16 17:48:17.063] [exthost] [warning] [Decorations] CAPPING events from decorations provider vscode.git 346
[2021-08-16 17:48:22.142] [exthost] [warning] [Decorations] CAPPING events from decorations provider vscode.git 346
[2021-08-16 17:48:27.224] [exthost] [warning] [Decorations] CAPPING events from decorations provider vscode.git 346
[2021-08-16 17:48:32.307] [exthost] [warning] [Decorations] CAPPING events from decorations provider vscode.git 346
[2021-08-16 17:48:37.389] [exthost] [warning] [Decorations] CAPPING events from decorations provider vscode.git 346
[2021-08-16 17:48:42.478] [exthost] [warning] [Decorations] CAPPING events from decorations provider vscode.git 346
[2021-08-16 17:48:47.565] [exthost] [warning] [Decorations] CAPPING events from decorations provider vscode.git 346
[2021-08-16 17:48:52.647] [exthost] [warning] [Decorations] CAPPING events from decorations provider vscode.git 346
[2021-08-16 17:48:57.721] [exthost] [warning] [Decorations] CAPPING events from decorations provider vscode.git 346
[2021-08-16 17:49:02.802] [exthost] [warning] [Decorations] CAPPING events from decorations provider vscode.git 346
[2021-08-16 17:49:07.885] [exthost] [warning] [Decorations] CAPPING events from decorations provider vscode.git 346
[2021-08-16 17:49:12.980] [exthost] [warning] [Decorations] CAPPING events from decorations provider vscode.git 346
[2021-08-16 17:49:18.069] [exthost] [warning] [Decorations] CAPPING events from decorations provider vscode.git 346
[2021-08-16 17:49:23.155] [exthost] [warning] [Decorations] CAPPING events from decorations provider vscode.git 346
[2021-08-16 17:49:28.238] [exthost] [warning] [Decorations] CAPPING events from decorations provider vscode.git 346
[2021-08-16 17:49:33.314] [exthost] [warning] [Decorations] CAPPING events from decorations provider vscode.git 346
[2021-08-16 17:49:38.396] [exthost] [warning] [Decorations] CAPPING events from decorations provider vscode.git 346
[2021-08-16 17:49:43.492] [exthost] [warning] [Decorations] CAPPING events from decorations provider vscode.git 346
[2021-08-16 17:49:48.584] [exthost] [warning] [Decorations] CAPPING events from decorations provider vscode.git 346
[2021-08-16 17:49:53.668] [exthost] [warning] [Decorations] CAPPING events from decorations provider vscode.git 346
[2021-08-16 17:49:58.756] [exthost] [warning] [Decorations] CAPPING events from decorations provider vscode.git 346
[2021-08-16 17:50:03.850] [exthost] [warning] [Decorations] CAPPING events from decorations provider vscode.git 346
[2021-08-16 17:50:08.933] [exthost] [warning] [Decorations] CAPPING events from decorations provider vscode.git 346
[2021-08-16 17:50:14.015] [exthost] [warning] [Decorations] CAPPING events from decorations provider vscode.git 346
[2021-08-16 17:50:19.097] [exthost] [warning] [Decorations] CAPPING events from decorations provider vscode.git 346
[2021-08-16 17:50:24.178] [exthost] [warning] [Decorations] CAPPING events from decorations provider vscode.git 346
[2021-08-16 17:50:29.250] [exthost] [warning] [Decorations] CAPPING events from decorations provider vscode.git 346
[2021-08-16 17:50:34.328] [exthost] [warning] [Decorations] CAPPING events from decorations provider vscode.git 346
[2021-08-16 17:50:39.424] [exthost] [warning] [Decorations] CAPPING events from decorations provider vscode.git 346
[2021-08-16 17:50:44.501] [exthost] [warning] [Decorations] CAPPING events from decorations provider vscode.git 346
[2021-08-16 17:50:49.749] [exthost] [warning] [Decorations] CAPPING events from decorations provider vscode.git 346
[2021-08-16 17:50:54.828] [exthost] [warning] [Decorations] CAPPING events from decorations provider vscode.git 346
[2021-08-16 17:50:59.913] [exthost] [warning] [Decorations] CAPPING events from decorations provider vscode.git 346
[2021-08-16 17:51:05.007] [exthost] [warning] [Decorations] CAPPING events from decorations provider vscode.git 346
[2021-08-16 17:51:10.093] [exthost] [warning] [Decorations] CAPPING events from decorations provider vscode.git 346
[2021-08-16 17:51:15.182] [exthost] [warning] [Decorations] CAPPING events from decorations provider vscode.git 346
[2021-08-16 17:51:20.264] [exthost] [warning] [Decorations] CAPPING events from decorations provider vscode.git 346
[2021-08-16 17:51:25.348] [exthost] [warning] [Decorations] CAPPING events from decorations provider vscode.git 346
[2021-08-16 17:51:30.421] [exthost] [warning] [Decorations] CAPPING events from decorations provider vscode.git 346
[2021-08-16 17:51:35.501] [exthost] [warning] [Decorations] CAPPING events from decorations provider vscode.git 346
[2021-08-16 17:51:40.582] [exthost] [warning] [Decorations] CAPPING events from decorations provider vscode.git 346
[2021-08-16 17:51:45.677] [exthost] [warning] [Decorations] CAPPING events from decorations provider vscode.git 346
[2021-08-16 17:51:50.757] [exthost] [warning] [Decorations] CAPPING events from decorations provider vscode.git 346
[2021-08-16 17:51:55.869] [exthost] [warning] [Decorations] CAPPING events from decorations provider vscode.git 346
[2021-08-16 17:52:00.948] [exthost] [warning] [Decorations] CAPPING events from decorations provider vscode.git 346
[2021-08-16 17:52:06.049] [exthost] [warning] [Decorations] CAPPING events from decorations provider vscode.git 346
[2021-08-16 17:52:11.137] [exthost] [warning] [Decorations] CAPPING events from decorations provider vscode.git 346
[2021-08-16 17:52:16.222] [exthost] [warning] [Decorations] CAPPING events from decorations provider vscode.git 346
[2021-08-16 17:52:21.309] [exthost] [warning] [Decorations] CAPPING events from decorations provider vscode.git 346
[2021-08-16 17:52:26.407] [exthost] [warning] [Decorations] CAPPING events from decorations provider vscode.git 346
[2021-08-16 17:52:31.494] [exthost] [warning] [Decorations] CAPPING events from decorations provider vscode.git 346
[2021-08-16 17:52:36.567] [exthost] [warning] [Decorations] CAPPING events from decorations provider vscode.git 346
[2021-08-16 17:52:41.650] [exthost] [warning] [Decorations] CAPPING events from decorations provider vscode.git 346
[2021-08-16 17:52:46.733] [exthost] [warning] [Decorations] CAPPING events from decorations provider vscode.git 346
[2021-08-16 17:52:51.820] [exthost] [warning] [Decorations] CAPPING events from decorations provider vscode.git 346
[2021-08-16 17:52:56.897] [exthost] [warning] [Decorations] CAPPING events from decorations provider vscode.git 346
[2021-08-16 17:53:01.981] [exthost] [warning] [Decorations] CAPPING events from decorations provider vscode.git 346
[2021-08-16 17:53:07.070] [exthost] [warning] [Decorations] CAPPING events from decorations provider vscode.git 346
[2021-08-16 17:53:12.153] [exthost] [warning] [Decorations] CAPPING events from decorations provider vscode.git 346
[2021-08-16 17:53:17.231] [exthost] [warning] [Decorations] CAPPING events from decorations provider vscode.git 346
[2021-08-16 17:53:22.317] [exthost] [warning] [Decorations] CAPPING events from decorations provider vscode.git 346
[2021-08-16 17:53:27.398] [exthost] [warning] [Decorations] CAPPING events from decorations provider vscode.git 346
[2021-08-16 17:53:32.487] [exthost] [warning] [Decorations] CAPPING events from decorations provider vscode.git 346
[2021-08-16 17:53:37.565] [exthost] [warning] [Decorations] CAPPING events from decorations provider vscode.git 346
[2021-08-16 17:53:42.658] [exthost] [warning] [Decorations] CAPPING events from decorations provider vscode.git 346
[2021-08-16 17:53:47.746] [exthost] [warning] [Decorations] CAPPING events from decorations provider vscode.git 346
[2021-08-16 17:53:52.837] [exthost] [warning] [Decorations] CAPPING events from decorations provider vscode.git 346
[2021-08-16 17:53:57.915] [exthost] [warning] [Decorations] CAPPING events from decorations provider vscode.git 346
[2021-08-16 17:54:03.001] [exthost] [warning] [Decorations] CAPPING events from decorations provider vscode.git 346
[2021-08-16 17:54:08.086] [exthost] [warning] [Decorations] CAPPING events from decorations provider vscode.git 346
[2021-08-16 17:54:13.173] [exthost] [warning] [Decorations] CAPPING events from decorations provider vscode.git 346
[2021-08-16 17:54:18.253] [exthost] [warning] [Decorations] CAPPING events from decorations provider vscode.git 346
[2021-08-16 17:54:23.332] [exthost] [warning] [Decorations] CAPPING events from decorations provider vscode.git 346
[2021-08-16 17:54:28.407] [exthost] [warning] [Decorations] CAPPING events from decorations provider vscode.git 346
[2021-08-16 17:54:33.490] [exthost] [warning] [Decorations] CAPPING events from decorations provider vscode.git 346
[2021-08-16 17:54:38.574] [exthost] [warning] [Decorations] CAPPING events from decorations provider vscode.git 346
[2021-08-16 17:54:43.667] [exthost] [warning] [Decorations] CAPPING events from decorations provider vscode.git 346
[2021-08-16 17:54:48.761] [exthost] [warning] [Decorations] CAPPING events from decorations provider vscode.git 346
[2021-08-16 17:54:53.846] [exthost] [warning] [Decorations] CAPPING events from decorations provider vscode.git 346
[2021-08-16 17:54:58.927] [exthost] [warning] [Decorations] CAPPING events from decorations provider vscode.git 346
[2021-08-16 17:55:04.012] [exthost] [warning] [Decorations] CAPPING events from decorations provider vscode.git 346
[2021-08-16 17:55:09.092] [exthost] [warning] [Decorations] CAPPING events from decorations provider vscode.git 346
[2021-08-16 17:55:14.182] [exthost] [warning] [Decorations] CAPPING events from decorations provider vscode.git 346
[2021-08-16 17:55:19.262] [exthost] [warning] [Decorations] CAPPING events from decorations provider vscode.git 346
[2021-08-16 17:55:24.371] [exthost] [warning] [Decorations] CAPPING events from decorations provider vscode.git 346
[2021-08-16 17:55:29.453] [exthost] [warning] [Decorations] CAPPING events from decorations provider vscode.git 346
[2021-08-16 17:55:34.534] [exthost] [warning] [Decorations] CAPPING events from decorations provider vscode.git 346
[2021-08-16 17:55:39.620] [exthost] [warning] [Decorations] CAPPING events from decorations provider vscode.git 346
[2021-08-16 17:55:44.704] [exthost] [warning] [Decorations] CAPPING events from decorations provider vscode.git 346
[2021-08-16 17:55:49.785] [exthost] [warning] [Decorations] CAPPING events from decorations provider vscode.git 346
[2021-08-16 17:55:54.862] [exthost] [warning] [Decorations] CAPPING events from decorations provider vscode.git 346
[2021-08-16 17:55:59.950] [exthost] [warning] [Decorations] CAPPING events from decorations provider vscode.git 346
[2021-08-16 17:56:05.036] [exthost] [warning] [Decorations] CAPPING events from decorations provider vscode.git 346
[2021-08-16 17:56:10.115] [exthost] [warning] [Decorations] CAPPING events from decorations provider vscode.git 346
[2021-08-16 17:56:15.196] [exthost] [warning] [Decorations] CAPPING events from decorations provider vscode.git 346
[2021-08-16 17:56:20.276] [exthost] [warning] [Decorations] CAPPING events from decorations provider vscode.git 346
[2021-08-16 17:56:25.354] [exthost] [warning] [Decorations] CAPPING events from decorations provider vscode.git 346
[2021-08-16 17:56:30.436] [exthost] [warning] [Decorations] CAPPING events from decorations provider vscode.git 346
[2021-08-16 17:56:35.519] [exthost] [warning] [Decorations] CAPPING events from decorations provider vscode.git 346
[2021-08-16 17:56:40.594] [exthost] [warning] [Decorations] CAPPING events from decorations provider vscode.git 346
[2021-08-16 17:56:45.673] [exthost] [warning] [Decorations] CAPPING events from decorations provider vscode.git 346
[2021-08-16 17:56:50.764] [exthost] [warning] [Decorations] CAPPING events from decorations provider vscode.git 346
[2021-08-16 17:56:55.846] [exthost] [warning] [Decorations] CAPPING events from decorations provider vscode.git 346
[2021-08-16 17:57:00.925] [exthost] [warning] [Decorations] CAPPING events from decorations provider vscode.git 346
[2021-08-16 17:57:06.007] [exthost] [warning] [Decorations] CAPPING events from decorations provider vscode.git 346
[2021-08-16 17:57:11.097] [exthost] [warning] [Decorations] CAPPING events from decorations provider vscode.git 346
[2021-08-16 17:57:16.180] [exthost] [warning] [Decorations] CAPPING events from decorations provider vscode.git 346
[2021-08-16 17:57:21.255] [exthost] [warning] [Decorations] CAPPING events from decorations provider vscode.git 346
[2021-08-16 17:57:26.337] [exthost] [warning] [Decorations] CAPPING events from decorations provider vscode.git 346
[2021-08-16 17:57:31.417] [exthost] [warning] [Decorations] CAPPING events from decorations provider vscode.git 346
[2021-08-16 17:57:36.503] [exthost] [warning] [Decorations] CAPPING events from decorations provider vscode.git 346
[2021-08-16 17:57:41.577] [exthost] [warning] [Decorations] CAPPING events from decorations provider vscode.git 346
[2021-08-16 17:57:46.662] [exthost] [warning] [Decorations] CAPPING events from decorations provider vscode.git 346
[2021-08-16 17:57:51.755] [exthost] [warning] [Decorations] CAPPING events from decorations provider vscode.git 346
[2021-08-16 17:57:56.840] [exthost] [warning] [Decorations] CAPPING events from decorations provider vscode.git 346
[2021-08-16 17:58:01.924] [exthost] [warning] [Decorations] CAPPING events from decorations provider vscode.git 346
[2021-08-16 17:58:07.021] [exthost] [warning] [Decorations] CAPPING events from decorations provider vscode.git 346
[2021-08-16 17:58:12.105] [exthost] [warning] [Decorations] CAPPING events from decorations provider vscode.git 346
[2021-08-16 17:58:17.194] [exthost] [warning] [Decorations] CAPPING events from decorations provider vscode.git 346
[2021-08-16 17:58:22.269] [exthost] [warning] [Decorations] CAPPING events from decorations provider vscode.git 346
[2021-08-16 17:58:27.353] [exthost] [warning] [Decorations] CAPPING events from decorations provider vscode.git 346
[2021-08-16 17:58:32.432] [exthost] [warning] [Decorations] CAPPING events from decorations provider vscode.git 346
[2021-08-16 17:58:37.524] [exthost] [warning] [Decorations] CAPPING events from decorations provider vscode.git 346
[2021-08-16 17:58:42.605] [exthost] [warning] [Decorations] CAPPING events from decorations provider vscode.git 346
[2021-08-16 17:58:47.690] [exthost] [warning] [Decorations] CAPPING events from decorations provider vscode.git 346
[2021-08-16 17:58:52.783] [exthost] [warning] [Decorations] CAPPING events from decorations provider vscode.git 346
[2021-08-16 17:58:57.865] [exthost] [warning] [Decorations] CAPPING events from decorations provider vscode.git 346
[2021-08-16 17:59:02.971] [exthost] [warning] [Decorations] CAPPING events from decorations provider vscode.git 346
[2021-08-16 17:59:08.057] [exthost] [warning] [Decorations] CAPPING events from decorations provider vscode.git 346
[2021-08-16 17:59:13.139] [exthost] [warning] [Decorations] CAPPING events from decorations provider vscode.git 346
[2021-08-16 17:59:18.223] [exthost] [warning] [Decorations] CAPPING events from decorations provider vscode.git 346
[2021-08-16 17:59:23.303] [exthost] [warning] [Decorations] CAPPING events from decorations provider vscode.git 346
[2021-08-16 17:59:28.379] [exthost] [warning] [Decorations] CAPPING events from decorations provider vscode.git 346
[2021-08-16 17:59:33.454] [exthost] [warning] [Decorations] CAPPING events from decorations provider vscode.git 346
[2021-08-16 17:59:38.538] [exthost] [warning] [Decorations] CAPPING events from decorations provider vscode.git 346
[2021-08-16 17:59:43.615] [exthost] [warning] [Decorations] CAPPING events from decorations provider vscode.git 346
[2021-08-16 17:59:48.695] [exthost] [warning] [Decorations] CAPPING events from decorations provider vscode.git 346
[2021-08-16 17:59:53.771] [exthost] [warning] [Decorations] CAPPING events from decorations provider vscode.git 346
[2021-08-16 17:59:58.859] [exthost] [warning] [Decorations] CAPPING events from decorations provider vscode.git 346
[2021-08-16 18:00:03.945] [exthost] [warning] [Decorations] CAPPING events from decorations provider vscode.git 346
[2021-08-16 18:00:09.021] [exthost] [warning] [Decorations] CAPPING events from decorations provider vscode.git 346
[2021-08-16 18:00:14.108] [exthost] [warning] [Decorations] CAPPING events from decorations provider vscode.git 346
[2021-08-16 18:00:19.201] [exthost] [warning] [Decorations] CAPPING events from decorations provider vscode.git 346
[2021-08-16 18:00:24.283] [exthost] [warning] [Decorations] CAPPING events from decorations provider vscode.git 346
[2021-08-16 18:00:29.365] [exthost] [warning] [Decorations] CAPPING events from decorations provider vscode.git 346
[2021-08-16 18:00:34.458] [exthost] [warning] [Decorations] CAPPING events from decorations provider vscode.git 346
[2021-08-16 18:00:39.542] [exthost] [warning] [Decorations] CAPPING events from decorations provider vscode.git 346
[2021-08-16 18:00:44.621] [exthost] [warning] [Decorations] CAPPING events from decorations provider vscode.git 346
[2021-08-16 18:00:49.746] [exthost] [warning] [Decorations] CAPPING events from decorations provider vscode.git 346
[2021-08-16 18:00:54.826] [exthost] [warning] [Decorations] CAPPING events from decorations provider vscode.git 346
[2021-08-16 18:00:59.907] [exthost] [warning] [Decorations] CAPPING events from decorations provider vscode.git 346
[2021-08-16 18:01:05.018] [exthost] [warning] [Decorations] CAPPING events from decorations provider vscode.git 346
[2021-08-16 18:01:10.098] [exthost] [warning] [Decorations] CAPPING events from decorations provider vscode.git 346
[2021-08-16 18:01:15.179] [exthost] [warning] [Decorations] CAPPING events from decorations provider vscode.git 346
[2021-08-16 18:01:20.261] [exthost] [warning] [Decorations] CAPPING events from decorations provider vscode.git 346
[2021-08-16 18:01:25.335] [exthost] [warning] [Decorations] CAPPING events from decorations provider vscode.git 346
[2021-08-16 18:01:30.415] [exthost] [warning] [Decorations] CAPPING events from decorations provider vscode.git 346
[2021-08-16 18:01:35.507] [exthost] [warning] [Decorations] CAPPING events from decorations provider vscode.git 346
[2021-08-16 18:01:40.584] [exthost] [warning] [Decorations] CAPPING events from decorations provider vscode.git 346
[2021-08-16 18:01:45.668] [exthost] [warning] [Decorations] CAPPING events from decorations provider vscode.git 346
[2021-08-16 18:01:50.750] [exthost] [warning] [Decorations] CAPPING events from decorations provider vscode.git 346
[2021-08-16 18:01:55.834] [exthost] [warning] [Decorations] CAPPING events from decorations provider vscode.git 346
[2021-08-16 18:02:00.914] [exthost] [warning] [Decorations] CAPPING events from decorations provider vscode.git 346
[2021-08-16 18:02:05.994] [exthost] [warning] [Decorations] CAPPING events from decorations provider vscode.git 346
[2021-08-16 18:02:11.072] [exthost] [warning] [Decorations] CAPPING events from decorations provider vscode.git 346
[2021-08-16 18:02:16.150] [exthost] [warning] [Decorations] CAPPING events from decorations provider vscode.git 346
[2021-08-16 18:02:21.232] [exthost] [warning] [Decorations] CAPPING events from decorations provider vscode.git 346
[2021-08-16 18:02:26.323] [exthost] [warning] [Decorations] CAPPING events from decorations provider vscode.git 346
[2021-08-16 18:02:31.410] [exthost] [warning] [Decorations] CAPPING events from decorations provider vscode.git 346
[2021-08-16 18:02:36.505] [exthost] [warning] [Decorations] CAPPING events from decorations provider vscode.git 346
[2021-08-16 18:02:41.586] [exthost] [warning] [Decorations] CAPPING events from decorations provider vscode.git 346
[2021-08-16 18:02:46.675] [exthost] [warning] [Decorations] CAPPING events from decorations provider vscode.git 346
[2021-08-16 18:02:51.758] [exthost] [warning] [Decorations] CAPPING events from decorations provider vscode.git 346
[2021-08-16 18:02:56.844] [exthost] [warning] [Decorations] CAPPING events from decorations provider vscode.git 346
[2021-08-16 18:03:01.923] [exthost] [warning] [Decorations] CAPPING events from decorations provider vscode.git 346
[2021-08-16 18:03:07.016] [exthost] [warning] [Decorations] CAPPING events from decorations provider vscode.git 346
[2021-08-16 18:03:12.096] [exthost] [warning] [Decorations] CAPPING events from decorations provider vscode.git 346
[2021-08-16 18:03:17.180] [exthost] [warning] [Decorations] CAPPING events from decorations provider vscode.git 346
[2021-08-16 18:03:22.263] [exthost] [warning] [Decorations] CAPPING events from decorations provider vscode.git 346
[2021-08-16 18:03:27.347] [exthost] [warning] [Decorations] CAPPING events from decorations provider vscode.git 346
[2021-08-16 18:03:32.423] [exthost] [warning] [Decorations] CAPPING events from decorations provider vscode.git 346
[2021-08-16 18:03:37.503] [exthost] [warning] [Decorations] CAPPING events from decorations provider vscode.git 346
[2021-08-16 18:03:42.581] [exthost] [warning] [Decorations] CAPPING events from decorations provider vscode.git 346
[2021-08-16 18:03:47.655] [exthost] [warning] [Decorations] CAPPING events from decorations provider vscode.git 346
[2021-08-16 18:03:52.741] [exthost] [warning] [Decorations] CAPPING events from decorations provider vscode.git 346
[2021-08-16 18:03:57.831] [exthost] [warning] [Decorations] CAPPING events from decorations provider vscode.git 346
[2021-08-16 18:04:02.911] [exthost] [warning] [Decorations] CAPPING events from decorations provider vscode.git 346
[2021-08-16 18:04:07.992] [exthost] [warning] [Decorations] CAPPING events from decorations provider vscode.git 346
[2021-08-16 18:04:13.077] [exthost] [warning] [Decorations] CAPPING events from decorations provider vscode.git 346
[2021-08-16 18:04:18.154] [exthost] [warning] [Decorations] CAPPING events from decorations provider vscode.git 346
[2021-08-16 18:04:23.235] [exthost] [warning] [Decorations] CAPPING events from decorations provider vscode.git 346
[2021-08-16 18:04:28.317] [exthost] [warning] [Decorations] CAPPING events from decorations provider vscode.git 346
[2021-08-16 18:04:33.403] [exthost] [warning] [Decorations] CAPPING events from decorations provider vscode.git 346
[2021-08-16 18:04:38.492] [exthost] [warning] [Decorations] CAPPING events from decorations provider vscode.git 346
[2021-08-16 18:04:43.571] [exthost] [warning] [Decorations] CAPPING events from decorations provider vscode.git 346
[2021-08-16 18:04:48.654] [exthost] [warning] [Decorations] CAPPING events from decorations provider vscode.git 346
[2021-08-16 18:04:53.740] [exthost] [warning] [Decorations] CAPPING events from decorations provider vscode.git 346
[2021-08-16 18:04:58.819] [exthost] [warning] [Decorations] CAPPING events from decorations provider vscode.git 346
[2021-08-16 18:05:03.901] [exthost] [warning] [Decorations] CAPPING events from decorations provider vscode.git 346
[2021-08-16 18:05:08.987] [exthost] [warning] [Decorations] CAPPING events from decorations provider vscode.git 346
[2021-08-16 18:05:14.070] [exthost] [warning] [Decorations] CAPPING events from decorations provider vscode.git 346
[2021-08-16 18:05:19.165] [exthost] [warning] [Decorations] CAPPING events from decorations provider vscode.git 346
[2021-08-16 18:05:24.250] [exthost] [warning] [Decorations] CAPPING events from decorations provider vscode.git 346
[2021-08-16 18:05:29.336] [exthost] [warning] [Decorations] CAPPING events from decorations provider vscode.git 346
[2021-08-16 18:05:34.424] [exthost] [warning] [Decorations] CAPPING events from decorations provider vscode.git 346
[2021-08-16 18:05:39.514] [exthost] [warning] [Decorations] CAPPING events from decorations provider vscode.git 346
[2021-08-16 18:05:44.595] [exthost] [warning] [Decorations] CAPPING events from decorations provider vscode.git 346
[2021-08-16 18:05:49.681] [exthost] [warning] [Decorations] CAPPING events from decorations provider vscode.git 346
[2021-08-16 18:05:54.774] [exthost] [warning] [Decorations] CAPPING events from decorations provider vscode.git 346
[2021-08-16 18:05:59.859] [exthost] [warning] [Decorations] CAPPING events from decorations provider vscode.git 346
[2021-08-16 18:06:04.943] [exthost] [warning] [Decorations] CAPPING events from decorations provider vscode.git 346
[2021-08-16 18:06:10.033] [exthost] [warning] [Decorations] CAPPING events from decorations provider vscode.git 346
[2021-08-16 18:06:15.127] [exthost] [warning] [Decorations] CAPPING events from decorations provider vscode.git 346
[2021-08-16 18:06:20.210] [exthost] [warning] [Decorations] CAPPING events from decorations provider vscode.git 346
[2021-08-16 18:06:25.304] [exthost] [warning] [Decorations] CAPPING events from decorations provider vscode.git 346
[2021-08-16 18:06:30.386] [exthost] [warning] [Decorations] CAPPING events from decorations provider vscode.git 346
[2021-08-16 18:06:35.472] [exthost] [warning] [Decorations] CAPPING events from decorations provider vscode.git 346
[2021-08-16 18:06:40.549] [exthost] [warning] [Decorations] CAPPING events from decorations provider vscode.git 346
[2021-08-16 18:06:45.631] [exthost] [warning] [Decorations] CAPPING events from decorations provider vscode.git 346
[2021-08-16 18:06:50.712] [exthost] [warning] [Decorations] CAPPING events from decorations provider vscode.git 346
[2021-08-16 18:06:55.798] [exthost] [warning] [Decorations] CAPPING events from decorations provider vscode.git 346
[2021-08-16 18:07:00.879] [exthost] [warning] [Decorations] CAPPING events from decorations provider vscode.git 346
[2021-08-16 18:07:05.959] [exthost] [warning] [Decorations] CAPPING events from decorations provider vscode.git 346
[2021-08-16 18:07:11.041] [exthost] [warning] [Decorations] CAPPING events from decorations provider vscode.git 346
[2021-08-16 18:07:16.124] [exthost] [warning] [Decorations] CAPPING events from decorations provider vscode.git 346
[2021-08-16 18:07:21.210] [exthost] [warning] [Decorations] CAPPING events from decorations provider vscode.git 346
[2021-08-16 18:07:26.287] [exthost] [warning] [Decorations] CAPPING events from decorations provider vscode.git 346
[2021-08-16 18:07:31.380] [exthost] [warning] [Decorations] CAPPING events from decorations provider vscode.git 346
[2021-08-16 18:07:36.463] [exthost] [warning] [Decorations] CAPPING events from decorations provider vscode.git 346
[2021-08-16 18:07:41.544] [exthost] [warning] [Decorations] CAPPING events from decorations provider vscode.git 346
[2021-08-16 18:07:46.621] [exthost] [warning] [Decorations] CAPPING events from decorations provider vscode.git 346
[2021-08-16 18:07:51.705] [exthost] [warning] [Decorations] CAPPING events from decorations provider vscode.git 346
[2021-08-16 18:07:56.784] [exthost] [warning] [Decorations] CAPPING events from decorations provider vscode.git 346
[2021-08-16 18:08:01.866] [exthost] [warning] [Decorations] CAPPING events from decorations provider vscode.git 346
[2021-08-16 18:08:06.954] [exthost] [warning] [Decorations] CAPPING events from decorations provider vscode.git 346
[2021-08-16 18:08:12.042] [exthost] [warning] [Decorations] CAPPING events from decorations provider vscode.git 346
[2021-08-16 18:08:17.128] [exthost] [warning] [Decorations] CAPPING events from decorations provider vscode.git 346
[2021-08-16 18:08:22.218] [exthost] [warning] [Decorations] CAPPING events from decorations provider vscode.git 346
[2021-08-16 18:08:27.298] [exthost] [warning] [Decorations] CAPPING events from decorations provider vscode.git 346
[2021-08-16 18:08:32.388] [exthost] [warning] [Decorations] CAPPING events from decorations provider vscode.git 346
[2021-08-16 18:08:37.480] [exthost] [warning] [Decorations] CAPPING events from decorations provider vscode.git 346
[2021-08-16 18:08:42.562] [exthost] [warning] [Decorations] CAPPING events from decorations provider vscode.git 346
[2021-08-16 18:08:47.647] [exthost] [warning] [Decorations] CAPPING events from decorations provider vscode.git 346
[2021-08-16 18:08:52.732] [exthost] [warning] [Decorations] CAPPING events from decorations provider vscode.git 346
[2021-08-16 18:08:57.822] [exthost] [warning] [Decorations] CAPPING events from decorations provider vscode.git 346
[2021-08-16 18:09:02.908] [exthost] [warning] [Decorations] CAPPING events from decorations provider vscode.git 346
[2021-08-16 18:09:07.988] [exthost] [warning] [Decorations] CAPPING events from decorations provider vscode.git 346
[2021-08-16 18:09:13.072] [exthost] [warning] [Decorations] CAPPING events from decorations provider vscode.git 346
[2021-08-16 18:09:18.161] [exthost] [warning] [Decorations] CAPPING events from decorations provider vscode.git 346
[2021-08-16 18:09:23.253] [exthost] [warning] [Decorations] CAPPING events from decorations provider vscode.git 346
[2021-08-16 18:09:28.338] [exthost] [warning] [Decorations] CAPPING events from decorations provider vscode.git 346
[2021-08-16 18:09:33.412] [exthost] [warning] [Decorations] CAPPING events from decorations provider vscode.git 346
[2021-08-16 18:09:38.505] [exthost] [warning] [Decorations] CAPPING events from decorations provider vscode.git 346
[2021-08-16 18:09:43.601] [exthost] [warning] [Decorations] CAPPING events from decorations provider vscode.git 346
[2021-08-16 18:09:48.683] [exthost] [warning] [Decorations] CAPPING events from decorations provider vscode.git 346
[2021-08-16 18:09:53.763] [exthost] [warning] [Decorations] CAPPING events from decorations provider vscode.git 346
[2021-08-16 18:09:58.843] [exthost] [warning] [Decorations] CAPPING events from decorations provider vscode.git 346
[2021-08-16 18:10:03.954] [exthost] [warning] [Decorations] CAPPING events from decorations provider vscode.git 346
[2021-08-16 18:10:09.041] [exthost] [warning] [Decorations] CAPPING events from decorations provider vscode.git 346
[2021-08-16 18:10:14.119] [exthost] [warning] [Decorations] CAPPING events from decorations provider vscode.git 346
[2021-08-16 18:10:19.215] [exthost] [warning] [Decorations] CAPPING events from decorations provider vscode.git 346
[2021-08-16 18:10:24.300] [exthost] [warning] [Decorations] CAPPING events from decorations provider vscode.git 346
[2021-08-16 18:10:29.379] [exthost] [warning] [Decorations] CAPPING events from decorations provider vscode.git 346
[2021-08-16 18:10:34.472] [exthost] [warning] [Decorations] CAPPING events from decorations provider vscode.git 346
[2021-08-16 18:10:39.544] [exthost] [warning] [Decorations] CAPPING events from decorations provider vscode.git 346
[2021-08-16 18:10:44.625] [exthost] [warning] [Decorations] CAPPING events from decorations provider vscode.git 346
[2021-08-16 18:10:49.702] [exthost] [warning] [Decorations] CAPPING events from decorations provider vscode.git 346
[2021-08-16 18:10:54.770] [exthost] [warning] [Decorations] CAPPING events from decorations provider vscode.git 346
[2021-08-16 18:10:59.852] [exthost] [warning] [Decorations] CAPPING events from decorations provider vscode.git 346
[2021-08-16 18:11:04.941] [exthost] [warning] [Decorations] CAPPING events from decorations provider vscode.git 346
[2021-08-16 18:11:10.021] [exthost] [warning] [Decorations] CAPPING events from decorations provider vscode.git 346
[2021-08-16 18:11:15.094] [exthost] [warning] [Decorations] CAPPING events from decorations provider vscode.git 346
[2021-08-16 18:11:20.172] [exthost] [warning] [Decorations] CAPPING events from decorations provider vscode.git 346
[2021-08-16 18:11:25.246] [exthost] [warning] [Decorations] CAPPING events from decorations provider vscode.git 346
[2021-08-16 18:11:30.319] [exthost] [warning] [Decorations] CAPPING events from decorations provider vscode.git 346
[2021-08-16 18:11:35.405] [exthost] [warning] [Decorations] CAPPING events from decorations provider vscode.git 346
[2021-08-16 18:11:40.494] [exthost] [warning] [Decorations] CAPPING events from decorations provider vscode.git 346
[2021-08-16 18:11:45.567] [exthost] [warning] [Decorations] CAPPING events from decorations provider vscode.git 346
[2021-08-16 18:11:50.654] [exthost] [warning] [Decorations] CAPPING events from decorations provider vscode.git 346
[2021-08-16 18:11:55.731] [exthost] [warning] [Decorations] CAPPING events from decorations provider vscode.git 346
[2021-08-16 18:12:00.808] [exthost] [warning] [Decorations] CAPPING events from decorations provider vscode.git 346
[2021-08-16 18:12:05.895] [exthost] [warning] [Decorations] CAPPING events from decorations provider vscode.git 346
[2021-08-16 18:12:10.991] [exthost] [warning] [Decorations] CAPPING events from decorations provider vscode.git 346
[2021-08-16 18:12:16.071] [exthost] [warning] [Decorations] CAPPING events from decorations provider vscode.git 346
[2021-08-16 18:12:21.155] [exthost] [warning] [Decorations] CAPPING events from decorations provider vscode.git 346
[2021-08-16 18:12:26.242] [exthost] [warning] [Decorations] CAPPING events from decorations provider vscode.git 346
[2021-08-16 18:12:31.326] [exthost] [warning] [Decorations] CAPPING events from decorations provider vscode.git 346
[2021-08-16 18:12:36.422] [exthost] [warning] [Decorations] CAPPING events from decorations provider vscode.git 346
[2021-08-16 18:12:41.503] [exthost] [warning] [Decorations] CAPPING events from decorations provider vscode.git 346
[2021-08-16 18:12:46.580] [exthost] [warning] [Decorations] CAPPING events from decorations provider vscode.git 346
[2021-08-16 18:12:51.665] [exthost] [warning] [Decorations] CAPPING events from decorations provider vscode.git 346
[2021-08-16 18:12:56.745] [exthost] [warning] [Decorations] CAPPING events from decorations provider vscode.git 346
[2021-08-16 18:13:01.833] [exthost] [warning] [Decorations] CAPPING events from decorations provider vscode.git 346
[2021-08-16 18:13:06.927] [exthost] [warning] [Decorations] CAPPING events from decorations provider vscode.git 346
[2021-08-16 18:13:12.004] [exthost] [warning] [Decorations] CAPPING events from decorations provider vscode.git 346
[2021-08-16 18:13:17.089] [exthost] [warning] [Decorations] CAPPING events from decorations provider vscode.git 346
[2021-08-16 18:13:22.169] [exthost] [warning] [Decorations] CAPPING events from decorations provider vscode.git 346
[2021-08-16 18:13:27.261] [exthost] [warning] [Decorations] CAPPING events from decorations provider vscode.git 346
[2021-08-16 18:13:32.347] [exthost] [warning] [Decorations] CAPPING events from decorations provider vscode.git 346
[2021-08-16 18:13:37.428] [exthost] [warning] [Decorations] CAPPING events from decorations provider vscode.git 346
[2021-08-16 18:13:42.550] [exthost] [warning] [Decorations] CAPPING events from decorations provider vscode.git 346
[2021-08-16 18:13:47.656] [exthost] [warning] [Decorations] CAPPING events from decorations provider vscode.git 346
[2021-08-16 18:13:52.748] [exthost] [warning] [Decorations] CAPPING events from decorations provider vscode.git 346
[2021-08-16 18:13:57.836] [exthost] [warning] [Decorations] CAPPING events from decorations provider vscode.git 346
[2021-08-16 18:14:02.926] [exthost] [warning] [Decorations] CAPPING events from decorations provider vscode.git 346
[2021-08-16 18:14:08.011] [exthost] [warning] [Decorations] CAPPING events from decorations provider vscode.git 346
[2021-08-16 18:14:13.097] [exthost] [warning] [Decorations] CAPPING events from decorations provider vscode.git 346
[2021-08-16 18:14:18.173] [exthost] [warning] [Decorations] CAPPING events from decorations provider vscode.git 346
[2021-08-16 18:14:23.257] [exthost] [warning] [Decorations] CAPPING events from decorations provider vscode.git 346
[2021-08-16 18:14:28.344] [exthost] [warning] [Decorations] CAPPING events from decorations provider vscode.git 346
[2021-08-16 18:14:33.428] [exthost] [warning] [Decorations] CAPPING events from decorations provider vscode.git 346
[2021-08-16 18:14:38.514] [exthost] [warning] [Decorations] CAPPING events from decorations provider vscode.git 346
[2021-08-16 18:14:43.594] [exthost] [warning] [Decorations] CAPPING events from decorations provider vscode.git 346
[2021-08-16 18:14:48.673] [exthost] [warning] [Decorations] CAPPING events from decorations provider vscode.git 346
[2021-08-16 18:14:53.745] [exthost] [warning] [Decorations] CAPPING events from decorations provider vscode.git 346
[2021-08-16 18:14:58.817] [exthost] [warning] [Decorations] CAPPING events from decorations provider vscode.git 347
[2021-08-16 18:15:03.899] [exthost] [warning] [Decorations] CAPPING events from decorations provider vscode.git 347
[2021-08-16 18:15:08.986] [exthost] [warning] [Decorations] CAPPING events from decorations provider vscode.git 347
[2021-08-16 18:15:14.078] [exthost] [warning] [Decorations] CAPPING events from decorations provider vscode.git 347
[2021-08-16 18:15:19.161] [exthost] [warning] [Decorations] CAPPING events from decorations provider vscode.git 347
[2021-08-16 18:15:24.250] [exthost] [warning] [Decorations] CAPPING events from decorations provider vscode.git 347
[2021-08-16 18:15:29.340] [exthost] [warning] [Decorations] CAPPING events from decorations provider vscode.git 347
[2021-08-16 18:15:34.419] [exthost] [warning] [Decorations] CAPPING events from decorations provider vscode.git 347
[2021-08-16 18:15:39.510] [exthost] [warning] [Decorations] CAPPING events from decorations provider vscode.git 347
[2021-08-16 18:15:43.769] [exthost] [info] extension host terminating: renderer closed the socket
[2021-08-16 18:15:44.798] [exthost] [info] exiting with code 0
